[0.446s] Invoking command in '/home/liyana/digital_twin_ws/src/obstacle_avoidance': PYTHONPATH=/home/liyana/digital_twin_ws/build/obstacle_avoidance/prefix_override:/usr/lib/python3/dist-packages/colcon_core/task/python/colcon_distutils_commands:/home/liyana/digital_twin_ws/install/obstacle_avoidance/lib/python3.10/site-packages:${PYTHONPATH} /usr/bin/python3 -W ignore:setup.py install is deprecated -W ignore:easy_install command is deprecated setup.py egg_info --egg-base ../../build/obstacle_avoidance build --build-base /home/liyana/digital_twin_ws/build/obstacle_avoidance/build install --record /home/liyana/digital_twin_ws/build/obstacle_avoidance/install.log --single-version-externally-managed install_data
[0.609s] running egg_info
[0.610s] writing ../../build/obstacle_avoidance/obstacle_avoidance.egg-info/PKG-INFO
[0.610s] writing dependency_links to ../../build/obstacle_avoidance/obstacle_avoidance.egg-info/dependency_links.txt
[0.610s] writing entry points to ../../build/obstacle_avoidance/obstacle_avoidance.egg-info/entry_points.txt
[0.610s] writing requirements to ../../build/obstacle_avoidance/obstacle_avoidance.egg-info/requires.txt
[0.610s] writing top-level names to ../../build/obstacle_avoidance/obstacle_avoidance.egg-info/top_level.txt
[0.612s] reading manifest file '../../build/obstacle_avoidance/obstacle_avoidance.egg-info/SOURCES.txt'
[0.613s] writing manifest file '../../build/obstacle_avoidance/obstacle_avoidance.egg-info/SOURCES.txt'
[0.613s] running build
[0.613s] running build_py
[0.613s] copying obstacle_avoidance/avoid.py -> /home/liyana/digital_twin_ws/build/obstacle_avoidance/build/lib/obstacle_avoidance
[0.613s] running install
[0.614s] running install_lib
[0.614s] copying /home/liyana/digital_twin_ws/build/obstacle_avoidance/build/lib/obstacle_avoidance/avoid.py -> /home/liyana/digital_twin_ws/install/obstacle_avoidance/lib/python3.10/site-packages/obstacle_avoidance
[0.615s] byte-compiling /home/liyana/digital_twin_ws/install/obstacle_avoidance/lib/python3.10/site-packages/obstacle_avoidance/avoid.py to avoid.cpython-310.pyc
[0.615s] running install_data
[0.615s] running install_egg_info
[0.617s] removing '/home/liyana/digital_twin_ws/install/obstacle_avoidance/lib/python3.10/site-packages/obstacle_avoidance-0.0.0-py3.10.egg-info' (and everything under it)
[0.617s] Copying ../../build/obstacle_avoidance/obstacle_avoidance.egg-info to /home/liyana/digital_twin_ws/install/obstacle_avoidance/lib/python3.10/site-packages/obstacle_avoidance-0.0.0-py3.10.egg-info
[0.617s] running install_scripts
[0.632s] Installing avoid script to /home/liyana/digital_twin_ws/install/obstacle_avoidance/lib/obstacle_avoidance
[0.632s] writing list of installed files to '/home/liyana/digital_twin_ws/build/obstacle_avoidance/install.log'
[0.652s] Invoked command in '/home/liyana/digital_twin_ws/src/obstacle_avoidance' returned '0': PYTHONPATH=/home/liyana/digital_twin_ws/build/obstacle_avoidance/prefix_override:/usr/lib/python3/dist-packages/colcon_core/task/python/colcon_distutils_commands:/home/liyana/digital_twin_ws/install/obstacle_avoidance/lib/python3.10/site-packages:${PYTHONPATH} /usr/bin/python3 -W ignore:setup.py install is deprecated -W ignore:easy_install command is deprecated setup.py egg_info --egg-base ../../build/obstacle_avoidance build --build-base /home/liyana/digital_twin_ws/build/obstacle_avoidance/build install --record /home/liyana/digital_twin_ws/build/obstacle_avoidance/install.log --single-version-externally-managed install_data
