[0.429s] Invoking command in '/home/liyana/digital_twin_ws/src/obstacle_avoidance': PYTHONPATH=/home/liyana/digital_twin_ws/build/obstacle_avoidance/prefix_override:/usr/lib/python3/dist-packages/colcon_core/task/python/colcon_distutils_commands:/home/liyana/digital_twin_ws/install/obstacle_avoidance/lib/python3.10/site-packages:${PYTHONPATH} /usr/bin/python3 -W ignore:setup.py install is deprecated -W ignore:easy_install command is deprecated setup.py egg_info --egg-base ../../build/obstacle_avoidance build --build-base /home/liyana/digital_twin_ws/build/obstacle_avoidance/build install --record /home/liyana/digital_twin_ws/build/obstacle_avoidance/install.log --single-version-externally-managed install_data
[0.585s] running egg_info
[0.585s] writing ../../build/obstacle_avoidance/obstacle_avoidance.egg-info/PKG-INFO
[0.585s] writing dependency_links to ../../build/obstacle_avoidance/obstacle_avoidance.egg-info/dependency_links.txt
[0.586s] writing entry points to ../../build/obstacle_avoidance/obstacle_avoidance.egg-info/entry_points.txt
[0.586s] writing requirements to ../../build/obstacle_avoidance/obstacle_avoidance.egg-info/requires.txt
[0.586s] writing top-level names to ../../build/obstacle_avoidance/obstacle_avoidance.egg-info/top_level.txt
[0.588s] reading manifest file '../../build/obstacle_avoidance/obstacle_avoidance.egg-info/SOURCES.txt'
[0.588s] writing manifest file '../../build/obstacle_avoidance/obstacle_avoidance.egg-info/SOURCES.txt'
[0.588s] running build
[0.589s] running build_py
[0.589s] copying obstacle_avoidance/waypoint_nav.py -> /home/liyana/digital_twin_ws/build/obstacle_avoidance/build/lib/obstacle_avoidance
[0.589s] running install
[0.589s] running install_lib
[0.590s] copying /home/liyana/digital_twin_ws/build/obstacle_avoidance/build/lib/obstacle_avoidance/waypoint_nav.py -> /home/liyana/digital_twin_ws/install/obstacle_avoidance/lib/python3.10/site-packages/obstacle_avoidance
[0.590s] byte-compiling /home/liyana/digital_twin_ws/install/obstacle_avoidance/lib/python3.10/site-packages/obstacle_avoidance/waypoint_nav.py to waypoint_nav.cpython-310.pyc
[0.591s] running install_data
[0.591s] running install_egg_info
[0.592s] removing '/home/liyana/digital_twin_ws/install/obstacle_avoidance/lib/python3.10/site-packages/obstacle_avoidance-0.0.0-py3.10.egg-info' (and everything under it)
[0.592s] Copying ../../build/obstacle_avoidance/obstacle_avoidance.egg-info to /home/liyana/digital_twin_ws/install/obstacle_avoidance/lib/python3.10/site-packages/obstacle_avoidance-0.0.0-py3.10.egg-info
[0.592s] running install_scripts
[0.607s] Installing avoid script to /home/liyana/digital_twin_ws/install/obstacle_avoidance/lib/obstacle_avoidance
[0.607s] Installing waypoint_nav script to /home/liyana/digital_twin_ws/install/obstacle_avoidance/lib/obstacle_avoidance
[0.607s] writing list of installed files to '/home/liyana/digital_twin_ws/build/obstacle_avoidance/install.log'
[0.627s] Invoked command in '/home/liyana/digital_twin_ws/src/obstacle_avoidance' returned '0': PYTHONPATH=/home/liyana/digital_twin_ws/build/obstacle_avoidance/prefix_override:/usr/lib/python3/dist-packages/colcon_core/task/python/colcon_distutils_commands:/home/liyana/digital_twin_ws/install/obstacle_avoidance/lib/python3.10/site-packages:${PYTHONPATH} /usr/bin/python3 -W ignore:setup.py install is deprecated -W ignore:easy_install command is deprecated setup.py egg_info --egg-base ../../build/obstacle_avoidance build --build-base /home/liyana/digital_twin_ws/build/obstacle_avoidance/build install --record /home/liyana/digital_twin_ws/build/obstacle_avoidance/install.log --single-version-externally-managed install_data
