[0.545s] Invoking command in '/home/liyana/digital_twin_ws/src/two_wheel_robot': PYTHONPATH=/home/liyana/digital_twin_ws/build/two_wheel_robot/prefix_override:/usr/lib/python3/dist-packages/colcon_core/task/python/colcon_distutils_commands:/home/liyana/digital_twin_ws/install/two_wheel_robot/lib/python3.10/site-packages:${PYTHONPATH} /usr/bin/python3 -W ignore:setup.py install is deprecated -W ignore:easy_install command is deprecated setup.py egg_info --egg-base ../../build/two_wheel_robot build --build-base /home/liyana/digital_twin_ws/build/two_wheel_robot/build install --record /home/liyana/digital_twin_ws/build/two_wheel_robot/install.log --single-version-externally-managed install_data
[0.686s] running egg_info
[0.686s] creating ../../build/two_wheel_robot/two_wheel_robot.egg-info
[0.686s] writing ../../build/two_wheel_robot/two_wheel_robot.egg-info/PKG-INFO
[0.687s] writing dependency_links to ../../build/two_wheel_robot/two_wheel_robot.egg-info/dependency_links.txt
[0.687s] writing entry points to ../../build/two_wheel_robot/two_wheel_robot.egg-info/entry_points.txt
[0.687s] writing requirements to ../../build/two_wheel_robot/two_wheel_robot.egg-info/requires.txt
[0.687s] writing top-level names to ../../build/two_wheel_robot/two_wheel_robot.egg-info/top_level.txt
[0.687s] writing manifest file '../../build/two_wheel_robot/two_wheel_robot.egg-info/SOURCES.txt'
[0.688s] reading manifest file '../../build/two_wheel_robot/two_wheel_robot.egg-info/SOURCES.txt'
[0.689s] writing manifest file '../../build/two_wheel_robot/two_wheel_robot.egg-info/SOURCES.txt'
[0.689s] running build
[0.689s] running build_py
[0.689s] creating /home/liyana/digital_twin_ws/build/two_wheel_robot/build
[0.689s] creating /home/liyana/digital_twin_ws/build/two_wheel_robot/build/lib
[0.690s] creating /home/liyana/digital_twin_ws/build/two_wheel_robot/build/lib/two_wheel_robot
[0.690s] copying two_wheel_robot/__init__.py -> /home/liyana/digital_twin_ws/build/two_wheel_robot/build/lib/two_wheel_robot
[0.690s] running install
[0.690s] running install_lib
[0.690s] creating /home/liyana/digital_twin_ws/install/two_wheel_robot/lib/python3.10/site-packages/two_wheel_robot
[0.690s] copying /home/liyana/digital_twin_ws/build/two_wheel_robot/build/lib/two_wheel_robot/__init__.py -> /home/liyana/digital_twin_ws/install/two_wheel_robot/lib/python3.10/site-packages/two_wheel_robot
[0.690s] byte-compiling /home/liyana/digital_twin_ws/install/two_wheel_robot/lib/python3.10/site-packages/two_wheel_robot/__init__.py to __init__.cpython-310.pyc
[0.691s] running install_data
[0.691s] creating /home/liyana/digital_twin_ws/install/two_wheel_robot/share/ament_index
[0.691s] creating /home/liyana/digital_twin_ws/install/two_wheel_robot/share/ament_index/resource_index
[0.691s] creating /home/liyana/digital_twin_ws/install/two_wheel_robot/share/ament_index/resource_index/packages
[0.691s] copying resource/two_wheel_robot -> /home/liyana/digital_twin_ws/install/two_wheel_robot/share/ament_index/resource_index/packages
[0.691s] copying package.xml -> /home/liyana/digital_twin_ws/install/two_wheel_robot/share/two_wheel_robot
[0.691s] running install_egg_info
[0.692s] Copying ../../build/two_wheel_robot/two_wheel_robot.egg-info to /home/liyana/digital_twin_ws/install/two_wheel_robot/lib/python3.10/site-packages/two_wheel_robot-0.0.0-py3.10.egg-info
[0.692s] running install_scripts
[0.706s] writing list of installed files to '/home/liyana/digital_twin_ws/build/two_wheel_robot/install.log'
[0.739s] Invoked command in '/home/liyana/digital_twin_ws/src/two_wheel_robot' returned '0': PYTHONPATH=/home/liyana/digital_twin_ws/build/two_wheel_robot/prefix_override:/usr/lib/python3/dist-packages/colcon_core/task/python/colcon_distutils_commands:/home/liyana/digital_twin_ws/install/two_wheel_robot/lib/python3.10/site-packages:${PYTHONPATH} /usr/bin/python3 -W ignore:setup.py install is deprecated -W ignore:easy_install command is deprecated setup.py egg_info --egg-base ../../build/two_wheel_robot build --build-base /home/liyana/digital_twin_ws/build/two_wheel_robot/build install --record /home/liyana/digital_twin_ws/build/two_wheel_robot/install.log --single-version-externally-managed install_data
