[0.550s] Invoking command in '/home/liyana/digital_twin_ws/src/my_robot': PYTHONPATH=/home/liyana/digital_twin_ws/build/my_robot/prefix_override:/usr/lib/python3/dist-packages/colcon_core/task/python/colcon_distutils_commands:/home/liyana/digital_twin_ws/install/my_robot/lib/python3.10/site-packages:${PYTHONPATH} /usr/bin/python3 -W ignore:setup.py install is deprecated -W ignore:easy_install command is deprecated setup.py egg_info --egg-base ../../build/my_robot build --build-base /home/liyana/digital_twin_ws/build/my_robot/build install --record /home/liyana/digital_twin_ws/build/my_robot/install.log --single-version-externally-managed install_data
[0.691s] running egg_info
[0.691s] writing ../../build/my_robot/my_robot.egg-info/PKG-INFO
[0.691s] writing dependency_links to ../../build/my_robot/my_robot.egg-info/dependency_links.txt
[0.691s] writing entry points to ../../build/my_robot/my_robot.egg-info/entry_points.txt
[0.691s] writing requirements to ../../build/my_robot/my_robot.egg-info/requires.txt
[0.692s] writing top-level names to ../../build/my_robot/my_robot.egg-info/top_level.txt
[0.693s] reading manifest file '../../build/my_robot/my_robot.egg-info/SOURCES.txt'
[0.694s] writing manifest file '../../build/my_robot/my_robot.egg-info/SOURCES.txt'
[0.694s] running build
[0.694s] running build_py
[0.694s] running install
[0.695s] running install_lib
[0.695s] running install_data
[0.695s] running install_egg_info
[0.696s] removing '/home/liyana/digital_twin_ws/install/my_robot/lib/python3.10/site-packages/my_robot-0.0.0-py3.10.egg-info' (and everything under it)
[0.696s] Copying ../../build/my_robot/my_robot.egg-info to /home/liyana/digital_twin_ws/install/my_robot/lib/python3.10/site-packages/my_robot-0.0.0-py3.10.egg-info
[0.696s] running install_scripts
[0.711s] writing list of installed files to '/home/liyana/digital_twin_ws/build/my_robot/install.log'
[0.736s] Invoked command in '/home/liyana/digital_twin_ws/src/my_robot' returned '0': PYTHONPATH=/home/liyana/digital_twin_ws/build/my_robot/prefix_override:/usr/lib/python3/dist-packages/colcon_core/task/python/colcon_distutils_commands:/home/liyana/digital_twin_ws/install/my_robot/lib/python3.10/site-packages:${PYTHONPATH} /usr/bin/python3 -W ignore:setup.py install is deprecated -W ignore:easy_install command is deprecated setup.py egg_info --egg-base ../../build/my_robot build --build-base /home/liyana/digital_twin_ws/build/my_robot/build install --record /home/liyana/digital_twin_ws/build/my_robot/install.log --single-version-externally-managed install_data
