/home/liyana/digital_twin_ws/install/obstacle_avoidance/lib/python3.10/site-packages/obstacle_avoidance/vel_smoother.py
/home/liyana/digital_twin_ws/install/obstacle_avoidance/lib/python3.10/site-packages/obstacle_avoidance/__init__.py
/home/liyana/digital_twin_ws/install/obstacle_avoidance/lib/python3.10/site-packages/obstacle_avoidance/waypoint_nav.py
/home/liyana/digital_twin_ws/install/obstacle_avoidance/lib/python3.10/site-packages/obstacle_avoidance/avoid.py
/home/liyana/digital_twin_ws/install/obstacle_avoidance/lib/python3.10/site-packages/obstacle_avoidance/__pycache__/vel_smoother.cpython-310.pyc
/home/liyana/digital_twin_ws/install/obstacle_avoidance/lib/python3.10/site-packages/obstacle_avoidance/__pycache__/__init__.cpython-310.pyc
/home/liyana/digital_twin_ws/install/obstacle_avoidance/lib/python3.10/site-packages/obstacle_avoidance/__pycache__/waypoint_nav.cpython-310.pyc
/home/liyana/digital_twin_ws/install/obstacle_avoidance/lib/python3.10/site-packages/obstacle_avoidance/__pycache__/avoid.cpython-310.pyc
/home/liyana/digital_twin_ws/install/obstacle_avoidance/share/ament_index/resource_index/packages/obstacle_avoidance
/home/liyana/digital_twin_ws/install/obstacle_avoidance/share/obstacle_avoidance/package.xml
/home/liyana/digital_twin_ws/install/obstacle_avoidance/lib/python3.10/site-packages/obstacle_avoidance-0.0.0-py3.10.egg-info/top_level.txt
/home/liyana/digital_twin_ws/install/obstacle_avoidance/lib/python3.10/site-packages/obstacle_avoidance-0.0.0-py3.10.egg-info/SOURCES.txt
/home/liyana/digital_twin_ws/install/obstacle_avoidance/lib/python3.10/site-packages/obstacle_avoidance-0.0.0-py3.10.egg-info/PKG-INFO
/home/liyana/digital_twin_ws/install/obstacle_avoidance/lib/python3.10/site-packages/obstacle_avoidance-0.0.0-py3.10.egg-info/zip-safe
/home/liyana/digital_twin_ws/install/obstacle_avoidance/lib/python3.10/site-packages/obstacle_avoidance-0.0.0-py3.10.egg-info/requires.txt
/home/liyana/digital_twin_ws/install/obstacle_avoidance/lib/python3.10/site-packages/obstacle_avoidance-0.0.0-py3.10.egg-info/dependency_links.txt
/home/liyana/digital_twin_ws/install/obstacle_avoidance/lib/python3.10/site-packages/obstacle_avoidance-0.0.0-py3.10.egg-info/entry_points.txt
/home/liyana/digital_twin_ws/install/obstacle_avoidance/lib/obstacle_avoidance/avoid
/home/liyana/digital_twin_ws/install/obstacle_avoidance/lib/obstacle_avoidance/vel_smoother
/home/liyana/digital_twin_ws/install/obstacle_avoidance/lib/obstacle_avoidance/waypoint_nav
