running egg_info
creating ../../build/obstacle_avoidance/obstacle_avoidance.egg-info
writing ../../build/obstacle_avoidance/obstacle_avoidance.egg-info/PKG-INFO
writing dependency_links to ../../build/obstacle_avoidance/obstacle_avoidance.egg-info/dependency_links.txt
writing entry points to ../../build/obstacle_avoidance/obstacle_avoidance.egg-info/entry_points.txt
writing requirements to ../../build/obstacle_avoidance/obstacle_avoidance.egg-info/requires.txt
writing top-level names to ../../build/obstacle_avoidance/obstacle_avoidance.egg-info/top_level.txt
writing manifest file '../../build/obstacle_avoidance/obstacle_avoidance.egg-info/SOURCES.txt'
reading manifest file '../../build/obstacle_avoidance/obstacle_avoidance.egg-info/SOURCES.txt'
writing manifest file '../../build/obstacle_avoidance/obstacle_avoidance.egg-info/SOURCES.txt'
running build
running build_py
creating /home/liyana/digital_twin_ws/build/obstacle_avoidance/build
creating /home/liyana/digital_twin_ws/build/obstacle_avoidance/build/lib
creating /home/liyana/digital_twin_ws/build/obstacle_avoidance/build/lib/obstacle_avoidance
copying obstacle_avoidance/__init__.py -> /home/liyana/digital_twin_ws/build/obstacle_avoidance/build/lib/obstacle_avoidance
copying obstacle_avoidance/avoid.py -> /home/liyana/digital_twin_ws/build/obstacle_avoidance/build/lib/obstacle_avoidance
running install
running install_lib
creating /home/liyana/digital_twin_ws/install/obstacle_avoidance/lib/python3.10/site-packages/obstacle_avoidance
copying /home/liyana/digital_twin_ws/build/obstacle_avoidance/build/lib/obstacle_avoidance/__init__.py -> /home/liyana/digital_twin_ws/install/obstacle_avoidance/lib/python3.10/site-packages/obstacle_avoidance
copying /home/liyana/digital_twin_ws/build/obstacle_avoidance/build/lib/obstacle_avoidance/avoid.py -> /home/liyana/digital_twin_ws/install/obstacle_avoidance/lib/python3.10/site-packages/obstacle_avoidance
byte-compiling /home/liyana/digital_twin_ws/install/obstacle_avoidance/lib/python3.10/site-packages/obstacle_avoidance/__init__.py to __init__.cpython-310.pyc
byte-compiling /home/liyana/digital_twin_ws/install/obstacle_avoidance/lib/python3.10/site-packages/obstacle_avoidance/avoid.py to avoid.cpython-310.pyc
running install_data
creating /home/liyana/digital_twin_ws/install/obstacle_avoidance/share/ament_index
creating /home/liyana/digital_twin_ws/install/obstacle_avoidance/share/ament_index/resource_index
creating /home/liyana/digital_twin_ws/install/obstacle_avoidance/share/ament_index/resource_index/packages
copying resource/obstacle_avoidance -> /home/liyana/digital_twin_ws/install/obstacle_avoidance/share/ament_index/resource_index/packages
copying package.xml -> /home/liyana/digital_twin_ws/install/obstacle_avoidance/share/obstacle_avoidance
running install_egg_info
Copying ../../build/obstacle_avoidance/obstacle_avoidance.egg-info to /home/liyana/digital_twin_ws/install/obstacle_avoidance/lib/python3.10/site-packages/obstacle_avoidance-0.0.0-py3.10.egg-info
running install_scripts
writing list of installed files to '/home/liyana/digital_twin_ws/build/obstacle_avoidance/install.log'
