[0.796s] Invoking command in '/home/liyana/digital_twin_ws/src/obstacle_avoidance': PYTHONPATH=/home/liyana/digital_twin_ws/build/obstacle_avoidance/prefix_override:/usr/lib/python3/dist-packages/colcon_core/task/python/colcon_distutils_commands:/home/liyana/digital_twin_ws/install/obstacle_avoidance/lib/python3.10/site-packages:${PYTHONPATH} /usr/bin/python3 -W ignore:setup.py install is deprecated -W ignore:easy_install command is deprecated setup.py egg_info --egg-base ../../build/obstacle_avoidance build --build-base /home/liyana/digital_twin_ws/build/obstacle_avoidance/build install --record /home/liyana/digital_twin_ws/build/obstacle_avoidance/install.log --single-version-externally-managed install_data
[0.944s] running egg_info
[0.944s] creating ../../build/obstacle_avoidance/obstacle_avoidance.egg-info
[0.944s] writing ../../build/obstacle_avoidance/obstacle_avoidance.egg-info/PKG-INFO
[0.944s] writing dependency_links to ../../build/obstacle_avoidance/obstacle_avoidance.egg-info/dependency_links.txt
[0.944s] writing entry points to ../../build/obstacle_avoidance/obstacle_avoidance.egg-info/entry_points.txt
[0.944s] writing requirements to ../../build/obstacle_avoidance/obstacle_avoidance.egg-info/requires.txt
[0.944s] writing top-level names to ../../build/obstacle_avoidance/obstacle_avoidance.egg-info/top_level.txt
[0.944s] writing manifest file '../../build/obstacle_avoidance/obstacle_avoidance.egg-info/SOURCES.txt'
[0.946s] reading manifest file '../../build/obstacle_avoidance/obstacle_avoidance.egg-info/SOURCES.txt'
[0.947s] writing manifest file '../../build/obstacle_avoidance/obstacle_avoidance.egg-info/SOURCES.txt'
[0.947s] running build
[0.947s] running build_py
[0.947s] creating /home/liyana/digital_twin_ws/build/obstacle_avoidance/build
[0.947s] creating /home/liyana/digital_twin_ws/build/obstacle_avoidance/build/lib
[0.947s] creating /home/liyana/digital_twin_ws/build/obstacle_avoidance/build/lib/obstacle_avoidance
[0.947s] copying obstacle_avoidance/__init__.py -> /home/liyana/digital_twin_ws/build/obstacle_avoidance/build/lib/obstacle_avoidance
[0.947s] copying obstacle_avoidance/avoid.py -> /home/liyana/digital_twin_ws/build/obstacle_avoidance/build/lib/obstacle_avoidance
[0.947s] running install
[0.947s] running install_lib
[0.948s] creating /home/liyana/digital_twin_ws/install/obstacle_avoidance/lib/python3.10/site-packages/obstacle_avoidance
[0.948s] copying /home/liyana/digital_twin_ws/build/obstacle_avoidance/build/lib/obstacle_avoidance/__init__.py -> /home/liyana/digital_twin_ws/install/obstacle_avoidance/lib/python3.10/site-packages/obstacle_avoidance
[0.948s] copying /home/liyana/digital_twin_ws/build/obstacle_avoidance/build/lib/obstacle_avoidance/avoid.py -> /home/liyana/digital_twin_ws/install/obstacle_avoidance/lib/python3.10/site-packages/obstacle_avoidance
[0.948s] byte-compiling /home/liyana/digital_twin_ws/install/obstacle_avoidance/lib/python3.10/site-packages/obstacle_avoidance/__init__.py to __init__.cpython-310.pyc
[0.948s] byte-compiling /home/liyana/digital_twin_ws/install/obstacle_avoidance/lib/python3.10/site-packages/obstacle_avoidance/avoid.py to avoid.cpython-310.pyc
[0.948s] running install_data
[0.948s] creating /home/liyana/digital_twin_ws/install/obstacle_avoidance/share/ament_index
[0.948s] creating /home/liyana/digital_twin_ws/install/obstacle_avoidance/share/ament_index/resource_index
[0.948s] creating /home/liyana/digital_twin_ws/install/obstacle_avoidance/share/ament_index/resource_index/packages
[0.949s] copying resource/obstacle_avoidance -> /home/liyana/digital_twin_ws/install/obstacle_avoidance/share/ament_index/resource_index/packages
[0.949s] copying package.xml -> /home/liyana/digital_twin_ws/install/obstacle_avoidance/share/obstacle_avoidance
[0.949s] running install_egg_info
[0.950s] Copying ../../build/obstacle_avoidance/obstacle_avoidance.egg-info to /home/liyana/digital_twin_ws/install/obstacle_avoidance/lib/python3.10/site-packages/obstacle_avoidance-0.0.0-py3.10.egg-info
[0.950s] running install_scripts
[0.964s] writing list of installed files to '/home/liyana/digital_twin_ws/build/obstacle_avoidance/install.log'
[0.986s] Invoked command in '/home/liyana/digital_twin_ws/src/obstacle_avoidance' returned '0': PYTHONPATH=/home/liyana/digital_twin_ws/build/obstacle_avoidance/prefix_override:/usr/lib/python3/dist-packages/colcon_core/task/python/colcon_distutils_commands:/home/liyana/digital_twin_ws/install/obstacle_avoidance/lib/python3.10/site-packages:${PYTHONPATH} /usr/bin/python3 -W ignore:setup.py install is deprecated -W ignore:easy_install command is deprecated setup.py egg_info --egg-base ../../build/obstacle_avoidance build --build-base /home/liyana/digital_twin_ws/build/obstacle_avoidance/build install --record /home/liyana/digital_twin_ws/build/obstacle_avoidance/install.log --single-version-externally-managed install_data
