running egg_info
writing ../../build/obstacle_avoidance/obstacle_avoidance.egg-info/PKG-INFO
writing dependency_links to ../../build/obstacle_avoidance/obstacle_avoidance.egg-info/dependency_links.txt
writing entry points to ../../build/obstacle_avoidance/obstacle_avoidance.egg-info/entry_points.txt
writing requirements to ../../build/obstacle_avoidance/obstacle_avoidance.egg-info/requires.txt
writing top-level names to ../../build/obstacle_avoidance/obstacle_avoidance.egg-info/top_level.txt
reading manifest file '../../build/obstacle_avoidance/obstacle_avoidance.egg-info/SOURCES.txt'
writing manifest file '../../build/obstacle_avoidance/obstacle_avoidance.egg-info/SOURCES.txt'
running build
running build_py
copying obstacle_avoidance/vel_smoother.py -> /home/liyana/digital_twin_ws/build/obstacle_avoidance/build/lib/obstacle_avoidance
copying obstacle_avoidance/avoid.py -> /home/liyana/digital_twin_ws/build/obstacle_avoidance/build/lib/obstacle_avoidance
running install
running install_lib
copying /home/liyana/digital_twin_ws/build/obstacle_avoidance/build/lib/obstacle_avoidance/vel_smoother.py -> /home/liyana/digital_twin_ws/install/obstacle_avoidance/lib/python3.10/site-packages/obstacle_avoidance
copying /home/liyana/digital_twin_ws/build/obstacle_avoidance/build/lib/obstacle_avoidance/avoid.py -> /home/liyana/digital_twin_ws/install/obstacle_avoidance/lib/python3.10/site-packages/obstacle_avoidance
byte-compiling /home/liyana/digital_twin_ws/install/obstacle_avoidance/lib/python3.10/site-packages/obstacle_avoidance/vel_smoother.py to vel_smoother.cpython-310.pyc
byte-compiling /home/liyana/digital_twin_ws/install/obstacle_avoidance/lib/python3.10/site-packages/obstacle_avoidance/avoid.py to avoid.cpython-310.pyc
running install_data
running install_egg_info
removing '/home/liyana/digital_twin_ws/install/obstacle_avoidance/lib/python3.10/site-packages/obstacle_avoidance-0.0.0-py3.10.egg-info' (and everything under it)
Copying ../../build/obstacle_avoidance/obstacle_avoidance.egg-info to /home/liyana/digital_twin_ws/install/obstacle_avoidance/lib/python3.10/site-packages/obstacle_avoidance-0.0.0-py3.10.egg-info
running install_scripts
Installing avoid script to /home/liyana/digital_twin_ws/install/obstacle_avoidance/lib/obstacle_avoidance
Installing vel_smoother script to /home/liyana/digital_twin_ws/install/obstacle_avoidance/lib/obstacle_avoidance
Installing waypoint_nav script to /home/liyana/digital_twin_ws/install/obstacle_avoidance/lib/obstacle_avoidance
writing list of installed files to '/home/liyana/digital_twin_ws/build/obstacle_avoidance/install.log'
