[0.459s] Invoking command in '/home/liyana/digital_twin_ws/src/obstacle_avoidance': PYTHONPATH=/home/liyana/digital_twin_ws/build/obstacle_avoidance/prefix_override:/usr/lib/python3/dist-packages/colcon_core/task/python/colcon_distutils_commands:/home/liyana/digital_twin_ws/install/obstacle_avoidance/lib/python3.10/site-packages:${PYTHONPATH} /usr/bin/python3 -W ignore:setup.py install is deprecated -W ignore:easy_install command is deprecated setup.py egg_info --egg-base ../../build/obstacle_avoidance build --build-base /home/liyana/digital_twin_ws/build/obstacle_avoidance/build install --record /home/liyana/digital_twin_ws/build/obstacle_avoidance/install.log --single-version-externally-managed install_data
[0.627s] running egg_info
[0.628s] writing ../../build/obstacle_avoidance/obstacle_avoidance.egg-info/PKG-INFO
[0.637s] writing dependency_links to ../../build/obstacle_avoidance/obstacle_avoidance.egg-info/dependency_links.txt
[0.637s] writing entry points to ../../build/obstacle_avoidance/obstacle_avoidance.egg-info/entry_points.txt
[0.637s] writing requirements to ../../build/obstacle_avoidance/obstacle_avoidance.egg-info/requires.txt
[0.637s] writing top-level names to ../../build/obstacle_avoidance/obstacle_avoidance.egg-info/top_level.txt
[0.639s] reading manifest file '../../build/obstacle_avoidance/obstacle_avoidance.egg-info/SOURCES.txt'
[0.640s] writing manifest file '../../build/obstacle_avoidance/obstacle_avoidance.egg-info/SOURCES.txt'
[0.640s] running build
[0.640s] running build_py
[0.641s] copying obstacle_avoidance/vel_smoother.py -> /home/liyana/digital_twin_ws/build/obstacle_avoidance/build/lib/obstacle_avoidance
[0.641s] copying obstacle_avoidance/avoid.py -> /home/liyana/digital_twin_ws/build/obstacle_avoidance/build/lib/obstacle_avoidance
[0.641s] running install
[0.641s] running install_lib
[0.642s] copying /home/liyana/digital_twin_ws/build/obstacle_avoidance/build/lib/obstacle_avoidance/vel_smoother.py -> /home/liyana/digital_twin_ws/install/obstacle_avoidance/lib/python3.10/site-packages/obstacle_avoidance
[0.642s] copying /home/liyana/digital_twin_ws/build/obstacle_avoidance/build/lib/obstacle_avoidance/avoid.py -> /home/liyana/digital_twin_ws/install/obstacle_avoidance/lib/python3.10/site-packages/obstacle_avoidance
[0.642s] byte-compiling /home/liyana/digital_twin_ws/install/obstacle_avoidance/lib/python3.10/site-packages/obstacle_avoidance/vel_smoother.py to vel_smoother.cpython-310.pyc
[0.643s] byte-compiling /home/liyana/digital_twin_ws/install/obstacle_avoidance/lib/python3.10/site-packages/obstacle_avoidance/avoid.py to avoid.cpython-310.pyc
[0.643s] running install_data
[0.643s] running install_egg_info
[0.644s] removing '/home/liyana/digital_twin_ws/install/obstacle_avoidance/lib/python3.10/site-packages/obstacle_avoidance-0.0.0-py3.10.egg-info' (and everything under it)
[0.645s] Copying ../../build/obstacle_avoidance/obstacle_avoidance.egg-info to /home/liyana/digital_twin_ws/install/obstacle_avoidance/lib/python3.10/site-packages/obstacle_avoidance-0.0.0-py3.10.egg-info
[0.645s] running install_scripts
[0.660s] Installing avoid script to /home/liyana/digital_twin_ws/install/obstacle_avoidance/lib/obstacle_avoidance
[0.660s] Installing vel_smoother script to /home/liyana/digital_twin_ws/install/obstacle_avoidance/lib/obstacle_avoidance
[0.660s] Installing waypoint_nav script to /home/liyana/digital_twin_ws/install/obstacle_avoidance/lib/obstacle_avoidance
[0.660s] writing list of installed files to '/home/liyana/digital_twin_ws/build/obstacle_avoidance/install.log'
[0.680s] Invoked command in '/home/liyana/digital_twin_ws/src/obstacle_avoidance' returned '0': PYTHONPATH=/home/liyana/digital_twin_ws/build/obstacle_avoidance/prefix_override:/usr/lib/python3/dist-packages/colcon_core/task/python/colcon_distutils_commands:/home/liyana/digital_twin_ws/install/obstacle_avoidance/lib/python3.10/site-packages:${PYTHONPATH} /usr/bin/python3 -W ignore:setup.py install is deprecated -W ignore:easy_install command is deprecated setup.py egg_info --egg-base ../../build/obstacle_avoidance build --build-base /home/liyana/digital_twin_ws/build/obstacle_avoidance/build install --record /home/liyana/digital_twin_ws/build/obstacle_avoidance/install.log --single-version-externally-managed install_data
